<?xml version="1.0" encoding="UTF-8"?>
<!-- Generated by org.testng.reporters.JUnitXMLReporter -->
<testsuite hostname="ADMINRG-5P4SOQB" ignored="2" name="Suite Test2" tests="1" failures="0" timestamp="29 Jul 2018 13:17:54 GMT" time="0.005" errors="0">
  <testcase name="secondTest" time="0.002" classname="com.parameter.testng.ParametersNgTest"/>
  <testcase name="firstTest" time="0.0" classname="com.parameter.testng.ParametersNgTest">
    <ignored/>
  </testcase> <!-- firstTest -->
  <testcase name="thirdTest" time="0.0" classname="com.parameter.testng.ParametersNgTest">
    <ignored/>
  </testcase> <!-- thirdTest -->
</testsuite> <!-- Suite Test2 -->
