<?xml version="1.0" encoding="UTF-8"?>
<!-- Generated by org.testng.reporters.JUnitXMLReporter -->
<testsuite hostname="ADMINRG-5P4SOQB" ignored="0" name="Google App Test" tests="1" failures="1" timestamp="29 Jul 2018 14:27:26 GMT" time="70.061" errors="0">
  <testcase name="loginTest" time="69.916" classname="com.parameter.testng.ParametersTest">
    <failure type="java.lang.AssertionError" message="expected [CRMPRO] but found [#1 Free CRM software in the cloud for sales and service]">
      <![CDATA[java.lang.AssertionError: expected [CRMPRO] but found [#1 Free CRM software in the cloud for sales and service]
at com.parameter.testng.ParametersTest.loginTest(ParametersTest.java:46)
... Removed 31 stack frames]]>
    </failure>
  </testcase> <!-- loginTest -->
</testsuite> <!-- Google App Test -->
